DEBUG - (20, 2)
DEBUG - (33, 3)
DEBUG - (36, 3)
DEBUG - (13, 1)
DEBUG - (16, 1)
DEBUG - (31, 3)
DEBUG - (0, 0)
DEBUG - (11, 1)
DEBUG - (0, 0)
DEBUG - (32, 3)
DEBUG - (12, 1)
DEBUG - (42, 4)
DEBUG - (22, 2)
DEBUG - (2, 0)
DEBUG - (48, 4)
DEBUG - (28, 2)
DEBUG - (8, 0)
DEBUG - (37, 3)
DEBUG - (34, 3)
DEBUG - (34, 3)
DEBUG - (17, 1)
DEBUG - (14, 1)
DEBUG - (14, 1)
DEBUG - (43, 4)
DEBUG - (0, 0)
DEBUG - (23, 2)
DEBUG - (0, 0)
DEBUG - (3, 0)
DEBUG - (47, 4)
DEBUG - (0, 0)
DEBUG - (27, 2)
DEBUG - (0, 0)
DEBUG - (48, 4)
DEBUG - (7, 0)
DEBUG - (0, 0)
DEBUG - (28, 2)
DEBUG - (0, 0)
DEBUG - (31, 3)
DEBUG - (8, 0)
DEBUG - (49, 4)
DEBUG - (0, 0)
DEBUG - (11, 1)
DEBUG - (0, 0)
DEBUG - (29, 2)
DEBUG - (0, 0)
DEBUG - (0, 0)
DEBUG - (47, 4)
DEBUG - (9, 0)
DEBUG - (0, 0)
DEBUG - (44, 4)
DEBUG - (41, 4)
DEBUG - (27, 2)
DEBUG - (0, 0)
DEBUG - (24, 2)
DEBUG - (21, 2)
DEBUG - (41, 4)
DEBUG - (7, 0)
DEBUG - (0, 0)
DEBUG - (4, 0)
DEBUG - (1, 0)
DEBUG - (21, 2)
DEBUG - (0, 0)
DEBUG - (46, 4)
DEBUG - (0, 0)
DEBUG - (1, 0)
DEBUG - (26, 2)
DEBUG - (0, 0)
DEBUG - (0, 0)
DEBUG - (6, 0)
DEBUG - (0, 0)
DEBUG - (0, 0)
DEBUG - (44, 4)
DEBUG - (0, 0)
DEBUG - (24, 2)
DEBUG - (36, 3)
DEBUG - (41, 4)
DEBUG - (0, 0)
DEBUG - (4, 0)
DEBUG - (16, 1)
DEBUG - (21, 2)
DEBUG - (0, 0)
DEBUG - (1, 0)
DEBUG - (0, 0)
DEBUG - (0, 0)
DEBUG - (46, 4)
DEBUG - (40, 4)
DEBUG - (26, 2)
DEBUG - (20, 2)
DEBUG - (6, 0)
